DEBUG 2019-09-10 20:45:36,301 Main.main() - This is a debug message
INFO  2019-09-10 20:45:36,303 Main.main() - This is an info message
WARN  2019-09-10 20:45:36,303 Main.main() - This is a warn message
ERROR 2019-09-10 20:45:36,303 Main.main() - This is an error message
FATAL 2019-09-10 20:45:36,305 Main.main() - This is a fatal message
DEBUG 2019-09-10 20:45:44,857 Main.main() - This is a debug message
INFO  2019-09-10 20:45:44,858 Main.main() - This is an info message
WARN  2019-09-10 20:45:44,859 Main.main() - This is a warn message
ERROR 2019-09-10 20:45:44,859 Main.main() - This is an error message
FATAL 2019-09-10 20:45:44,862 Main.main() - This is a fatal message
DEBUG 2019-09-10 20:46:02,188 Main.main() - This is a debug message
INFO  2019-09-10 20:46:02,193 Main.main() - This is an info message
WARN  2019-09-10 20:46:02,194 Main.main() - This is a warn message
ERROR 2019-09-10 20:46:02,194 Main.main() - This is an error message
FATAL 2019-09-10 20:46:02,195 Main.main() - This is a fatal message
DEBUG 2019-09-10 20:48:52,664 Main.main() - This is a debug message
INFO  2019-09-10 20:48:52,666 Main.main() - This is an info message
WARN  2019-09-10 20:48:52,667 Main.main() - This is a warn message
ERROR 2019-09-10 20:48:52,667 Main.main() - This is an error message
FATAL 2019-09-10 20:48:52,667 Main.main() - This is a fatal message
DEBUG 2019-09-10 20:52:43,262 Main.main() - This is a debug message
INFO  2019-09-10 20:52:43,264 Main.main() - This is an info message
WARN  2019-09-10 20:52:43,265 Main.main() - This is a warn message
ERROR 2019-09-10 20:52:43,265 Main.main() - This is an error message
FATAL 2019-09-10 20:52:43,265 Main.main() - This is a fatal message
DEBUG 2019-09-10 20:53:24,801 Main.main() - This is a debug message
INFO  2019-09-10 20:53:24,803 Main.main() - This is an info message
WARN  2019-09-10 20:53:24,803 Main.main() - This is a warn message
ERROR 2019-09-10 20:53:24,803 Main.main() - This is an error message
FATAL 2019-09-10 20:53:24,803 Main.main() - This is a fatal message
DEBUG 2019-09-10 20:54:03,455 Main.main() - This is a debug message
INFO  2019-09-10 20:54:03,457 Main.main() - This is an info message
WARN  2019-09-10 20:54:03,458 Main.main() - This is a warn message
ERROR 2019-09-10 20:54:03,458 Main.main() - This is an error message
FATAL 2019-09-10 20:54:03,459 Main.main() - This is a fatal message
DEBUG 2019-09-10 20:56:13,568 Main.main() - This is a debug message
INFO  2019-09-10 20:56:13,571 Main.main() - This is an info message
WARN  2019-09-10 20:56:13,571 Main.main() - This is a warn message
ERROR 2019-09-10 20:56:13,571 Main.main() - This is an error message
FATAL 2019-09-10 20:56:13,572 Main.main() - This is a fatal message
DEBUG 2019-09-10 20:56:44,094 Main.main() - This is a debug message
INFO  2019-09-10 20:56:44,110 Main.main() - This is an info message
WARN  2019-09-10 20:56:44,110 Main.main() - This is a warn message
ERROR 2019-09-10 20:56:44,111 Main.main() - This is an error message
FATAL 2019-09-10 20:56:44,111 Main.main() - This is a fatal message
DEBUG 2019-09-10 21:02:11,054 Main.main() - This is a debug message
INFO  2019-09-10 21:02:11,065 Main.main() - This is an info message
WARN  2019-09-10 21:02:11,066 Main.main() - This is a warn message
ERROR 2019-09-10 21:02:11,067 Main.main() - This is an error message
FATAL 2019-09-10 21:02:11,067 Main.main() - This is a fatal message
DEBUG 2019-09-10 21:04:24,949 Main.main() - This is a debug message
INFO  2019-09-10 21:04:24,974 Main.main() - This is an info message
WARN  2019-09-10 21:04:24,975 Main.main() - This is a warn message
ERROR 2019-09-10 21:04:24,975 Main.main() - This is an error message
FATAL 2019-09-10 21:04:24,976 Main.main() - This is a fatal message
DEBUG 2019-09-10 21:05:30,821 Main.main() - This is a debug message
INFO  2019-09-10 21:05:30,843 Main.main() - This is an info message
WARN  2019-09-10 21:05:30,844 Main.main() - This is a warn message
ERROR 2019-09-10 21:05:30,845 Main.main() - This is an error message
FATAL 2019-09-10 21:05:30,845 Main.main() - This is a fatal message
DEBUG 2019-09-10 21:06:00,739 Main.main() - This is a debug message
INFO  2019-09-10 21:06:00,764 Main.main() - This is an info message
WARN  2019-09-10 21:06:00,764 Main.main() - This is a warn message
ERROR 2019-09-10 21:06:00,764 Main.main() - This is an error message
FATAL 2019-09-10 21:06:00,765 Main.main() - This is a fatal message
DEBUG 2019-09-10 21:07:37,455 Main.main() - This is a debug message
INFO  2019-09-10 21:07:37,466 Main.main() - This is an info message
WARN  2019-09-10 21:07:37,466 Main.main() - This is a warn message
ERROR 2019-09-10 21:07:37,469 Main.main() - This is an error message
FATAL 2019-09-10 21:07:37,469 Main.main() - This is a fatal message
